E:\快盘\测试写的程序备份\11.25 程序增加自动画图功能\RAY\DEBUG\RAY.EXE
E:\快盘\测试写的程序备份\11.25 程序增加自动画图功能\RAY\DEBUG\RAY.EXE.MANIFEST
E:\快盘\测试写的程序备份\11.25 程序增加自动画图功能\RAY\DEBUG\RAY.ILK
E:\快盘\测试写的程序备份\11.25 程序增加自动画图功能\RAY\DEBUG\RAY.PDB
E:\快盘\测试写的程序备份\11.25 程序增加自动画图功能\RAY\RAY\DEBUG\BASESTATIONSHOOTING.OBJ
E:\快盘\测试写的程序备份\11.25 程序增加自动画图功能\RAY\RAY\DEBUG\BUILDING.OBJ
E:\快盘\测试写的程序备份\11.25 程序增加自动画图功能\RAY\RAY\DEBUG\BUILDINGPOINT.OBJ
E:\快盘\测试写的程序备份\11.25 程序增加自动画图功能\RAY\RAY\DEBUG\CHANGETYPETOOL.OBJ
E:\快盘\测试写的程序备份\11.25 程序增加自动画图功能\RAY\RAY\DEBUG\COMPLEX.OBJ
E:\快盘\测试写的程序备份\11.25 程序增加自动画图功能\RAY\RAY\DEBUG\EMPIRICALFORMULA.OBJ
E:\快盘\测试写的程序备份\11.25 程序增加自动画图功能\RAY\RAY\DEBUG\FINDGRID.OBJ
E:\快盘\测试写的程序备份\11.25 程序增加自动画图功能\RAY\RAY\DEBUG\FIRSTREFLECTIONNEW.OBJ
E:\快盘\测试写的程序备份\11.25 程序增加自动画图功能\RAY\RAY\DEBUG\GRID.OBJ
E:\快盘\测试写的程序备份\11.25 程序增加自动画图功能\RAY\RAY\DEBUG\GRIDPOWER.OBJ
E:\快盘\测试写的程序备份\11.25 程序增加自动画图功能\RAY\RAY\DEBUG\GRIDPOWERRESULT.OBJ
E:\快盘\测试写的程序备份\11.25 程序增加自动画图功能\RAY\RAY\DEBUG\MAIN.OBJ
E:\快盘\测试写的程序备份\11.25 程序增加自动画图功能\RAY\RAY\DEBUG\PICTURE.OBJ
E:\快盘\测试写的程序备份\11.25 程序增加自动画图功能\RAY\RAY\DEBUG\RAY.EXE.INTERMEDIATE.MANIFEST
E:\快盘\测试写的程序备份\11.25 程序增加自动画图功能\RAY\RAY\DEBUG\RAYINIT.OBJ
E:\快盘\测试写的程序备份\11.25 程序增加自动画图功能\RAY\RAY\DEBUG\RAYMANAGE.OBJ
E:\快盘\测试写的程序备份\11.25 程序增加自动画图功能\RAY\RAY\DEBUG\RAYPATH.OBJ
E:\快盘\测试写的程序备份\11.25 程序增加自动画图功能\RAY\RAY\DEBUG\SHOOTINGRAY.OBJ
E:\快盘\测试写的程序备份\11.25 程序增加自动画图功能\RAY\RAY\DEBUG\VC100.PDB
E:\快盘\测试写的程序备份\11.27反射系数进行调整\Ray\Ray\Debug\cl.command.1.tlog
E:\快盘\测试写的程序备份\11.27反射系数进行调整\Ray\Ray\Debug\CL.read.1.tlog
E:\快盘\测试写的程序备份\11.27反射系数进行调整\Ray\Ray\Debug\CL.write.1.tlog
E:\快盘\测试写的程序备份\11.27反射系数进行调整\Ray\Ray\Debug\link.command.1.tlog
E:\快盘\测试写的程序备份\11.27反射系数进行调整\Ray\Ray\Debug\link.read.1.tlog
E:\快盘\测试写的程序备份\11.27反射系数进行调整\Ray\Ray\Debug\link.write.1.tlog
E:\快盘\测试写的程序备份\11.27反射系数进行调整\Ray\Ray\Debug\msado15.tlh
E:\快盘\测试写的程序备份\11.27反射系数进行调整\Ray\Ray\Debug\msado15.tli
E:\快盘\测试写的程序备份\11.27反射系数进行调整\Ray\Ray\Debug\mt.command.1.tlog
E:\快盘\测试写的程序备份\11.27反射系数进行调整\Ray\Ray\Debug\mt.read.1.tlog
E:\快盘\测试写的程序备份\11.27反射系数进行调整\Ray\Ray\Debug\mt.write.1.tlog
E:\快盘\测试写的程序备份\11.27反射系数进行调整\Ray\Ray\Debug\Ray.write.1.tlog
E:\快盘\测试写的程序备份\11.27反射系数进行调整\Ray\Ray\Debug\vc100.idb
